<?xml version="1.0" encoding="UTF-8"?>
<!-- Generated by org.testng.reporters.JUnitXMLReporter -->
<testsuite hostname="LAPTOP-FNO7GPH6" name="Test" tests="5" failures="1" timestamp="15 Oct 2024 13:56:01 GMT" time="24.367" errors="0">
  <testcase name="logIn" time="0.291" classname="org.sample.OrderExecution$Rerun"/>
  <testcase name="AgainlogIn" time="0.214" classname="org.sample.OrderExecution$Rerun">
    <skipped/>
  </testcase> <!-- AgainlogIn -->
  <testcase name="AgainlogIn" time="0.237" classname="org.sample.OrderExecution$Rerun">
    <skipped/>
  </testcase> <!-- AgainlogIn -->
  <testcase name="AgainlogIn" time="0.237" classname="org.sample.OrderExecution$Rerun">
    <skipped/>
  </testcase> <!-- AgainlogIn -->
  <testcase name="AgainlogIn" time="0.206" classname="org.sample.OrderExecution$Rerun">
    <failure type="java.lang.AssertionError" message="Againlogin expected [true] but found [false]">
      <![CDATA[java.lang.AssertionError: Againlogin expected [true] but found [false]
	at org.sample.OrderExecution$Rerun.AgainlogIn(OrderExecution.java:57)
... Removed 27 stack frames]]>
    </failure>
  </testcase> <!-- AgainlogIn -->
</testsuite> <!-- Test -->
